# JRE version: Java(TM) SE Runtime Environment (21.0.7+8) (build 21.0.7+8-LTS-245)
# Java VM: Java HotSpot(TM) 64-Bit Server VM (21.0.7+8-LTS-245, mixed mode, sharing, tiered, compressed oops, compressed class ptrs, g1 gc, windows-amd64)
GC Precious Log:
 CardTable entry size: 512
 Card Set container configuration: InlinePtr #cards 4 size 8 Array Of Cards #cards 32 size 80 Howl #buckets 8 coarsen threshold 7372 Howl Bitmap #cards 1024 size 144 coarsen threshold 921 Card regions per heap region 1 cards per card region 8192
 CPUs: 8 total, 8 available
 Memory: 20294M
 Large Page Support: Disabled
 NUMA Support: Disabled
 Compressed Oops: Enabled (Zero based)
 Heap Region Size: 4M
 Heap Min Capacity: 8M
 Heap Initial Capacity: 320M
 Heap Max Capacity: 5076M
 Pre-touch: Disabled
 Parallel Workers: 8
 Concurrent Workers: 2
 Concurrent Refinement Workers: 8
 Periodic GC: Disabled
Heap:
 garbage-first heap   total 122880K, used 70607K [0x00000006c2c00000, 0x0000000800000000)
  region size 4096K, 17 young (69632K), 6 survivors (24576K)
 Metaspace       used 32637K, committed 33152K, reserved 1114112K
  class space    used 3705K, committed 3968K, reserved 1048576K
GC Heap History (10 events):
Event: 2.341 GC heap before
{Heap before GC invocations=0 (full 0):
 garbage-first heap   total 327680K, used 20480K [0x00000006c2c00000, 0x0000000800000000)
  region size 4096K, 5 young (20480K), 0 survivors (0K)
 Metaspace       used 5702K, committed 5952K, reserved 1114112K
  class space    used 639K, committed 768K, reserved 1048576K
}
Event: 2.345 GC heap after
{Heap after GC invocations=1 (full 0):
 garbage-first heap   total 327680K, used 3927K [0x00000006c2c00000, 0x0000000800000000)
  region size 4096K, 1 young (4096K), 1 survivors (4096K)
 Metaspace       used 5702K, committed 5952K, reserved 1114112K
  class space    used 639K, committed 768K, reserved 1048576K
}
Event: 2.699 GC heap before
{Heap before GC invocations=1 (full 0):
 garbage-first heap   total 327680K, used 24407K [0x00000006c2c00000, 0x0000000800000000)
  region size 4096K, 6 young (24576K), 1 survivors (4096K)
 Metaspace       used 7406K, committed 7616K, reserved 1114112K
  class space    used 843K, committed 960K, reserved 1048576K
}
Event: 2.703 GC heap after
{Heap after GC invocations=2 (full 0):
 garbage-first heap   total 327680K, used 4816K [0x00000006c2c00000, 0x0000000800000000)
  region size 4096K, 1 young (4096K), 1 survivors (4096K)
 Metaspace       used 7406K, committed 7616K, reserved 1114112K
  class space    used 843K, committed 960K, reserved 1048576K
}
Event: 4.571 GC heap before
{Heap before GC invocations=2 (full 0):
 garbage-first heap   total 327680K, used 74448K [0x00000006c2c00000, 0x0000000800000000)
  region size 4096K, 18 young (73728K), 1 survivors (4096K)
 Metaspace       used 16937K, committed 17280K, reserved 1114112K
  class space    used 1938K, committed 2112K, reserved 1048576K
}
Event: 4.576 GC heap after
{Heap after GC invocations=3 (full 0):
 garbage-first heap   total 327680K, used 10271K [0x00000006c2c00000, 0x0000000800000000)
  region size 4096K, 2 young (8192K), 2 survivors (8192K)
 Metaspace       used 16937K, committed 17280K, reserved 1114112K
  class space    used 1938K, committed 2112K, reserved 1048576K
}
Event: 5.301 GC heap before
{Heap before GC invocations=3 (full 0):
 garbage-first heap   total 327680K, used 34847K [0x00000006c2c00000, 0x0000000800000000)
  region size 4096K, 7 young (28672K), 2 survivors (8192K)
 Metaspace       used 21249K, committed 21504K, reserved 1114112K
  class space    used 2476K, committed 2624K, reserved 1048576K
}
Event: 5.308 GC heap after
{Heap after GC invocations=4 (full 0):
 garbage-first heap   total 327680K, used 23990K [0x00000006c2c00000, 0x0000000800000000)
  region size 4096K, 3 young (12288K), 3 survivors (12288K)
 Metaspace       used 21249K, committed 21504K, reserved 1114112K
  class space    used 2476K, committed 2624K, reserved 1048576K
}
Event: 6.704 GC heap before
{Heap before GC invocations=5 (full 0):
 garbage-first heap   total 98304K, used 97718K [0x00000006c2c00000, 0x0000000800000000)
  region size 4096K, 21 young (86016K), 3 survivors (12288K)
 Metaspace       used 28999K, committed 29376K, reserved 1114112K
  class space    used 3329K, committed 3520K, reserved 1048576K
}
Event: 6.722 GC heap after
{Heap after GC invocations=6 (full 0):
 garbage-first heap   total 122880K, used 29647K [0x00000006c2c00000, 0x0000000800000000)
  region size 4096K, 6 young (24576K), 6 survivors (24576K)
 Metaspace       used 28999K, committed 29376K, reserved 1114112K
  class space    used 3329K, committed 3520K, reserved 1048576K
}

