<?xml version="1.0" encoding="UTF-8"?>
<!-- Generated by org.testng.reporters.JUnitXMLReporter -->
<testsuite ignored="0" hostname="DESKTOP-CFBCV8Q" failures="0" tests="5" name="Open Cart Home Page Test_chromium" time="10.283" errors="0" timestamp="2025-04-20T19:49:01 IST">
  <testcase classname="com.qa.opencart.tests.HomePageTest" name="homePageTitleTest" time="0.063"/>
  <testcase classname="com.qa.opencart.tests.HomePageTest" name="homePageURLTest" time="0.002"/>
  <testcase classname="com.qa.opencart.tests.HomePageTest" name="searchTest" time="2.398"/>
  <testcase classname="com.qa.opencart.tests.HomePageTest" name="searchTest" time="3.471"/>
  <testcase classname="com.qa.opencart.tests.HomePageTest" name="searchTest" time="0.433"/>
</testsuite> <!-- Open Cart Home Page Test_chromium -->
