<?xml version="1.0" encoding="UTF-8"?>
<!-- Generated by org.testng.reporters.JUnitXMLReporter -->
<testsuite ignored="0" hostname="DESKTOP-CFBCV8Q" failures="0" tests="5" name="Open Cart Home Page Test" time="10.605" errors="0" timestamp="2025-04-19T11:07:09 IST">
  <testcase classname="com.qa.opencart.tests.HomePageTest" name="homePageTitleTest" time="0.029"/>
  <testcase classname="com.qa.opencart.tests.HomePageTest" name="homePageURLTest" time="0.007"/>
  <testcase classname="com.qa.opencart.tests.HomePageTest" name="searchTest" time="0.469"/>
  <testcase classname="com.qa.opencart.tests.HomePageTest" name="searchTest" time="0.433"/>
  <testcase classname="com.qa.opencart.tests.HomePageTest" name="searchTest" time="0.326"/>
</testsuite> <!-- Open Cart Home Page Test -->
