<?xml version="1.0" encoding="UTF-8"?>
<!-- Generated by org.testng.reporters.JUnitXMLReporter -->
<testsuite ignored="0" hostname="DESKTOP-CFBCV8Q" failures="0" tests="5" name="Open Cart Home Page Test_Chrome" time="11.57" errors="0" timestamp="2025-04-19T11:21:21 IST">
  <testcase classname="com.qa.opencart.tests.HomePageTest" name="homePageTitleTest" time="0.013"/>
  <testcase classname="com.qa.opencart.tests.HomePageTest" name="homePageURLTest" time="0.002"/>
  <testcase classname="com.qa.opencart.tests.HomePageTest" name="searchTest" time="0.863"/>
  <testcase classname="com.qa.opencart.tests.HomePageTest" name="searchTest" time="1.041"/>
  <testcase classname="com.qa.opencart.tests.HomePageTest" name="searchTest" time="0.399"/>
</testsuite> <!-- Open Cart Home Page Test_Chrome -->
