<?xml version="1.0" encoding="UTF-8"?>
<!-- Generated by org.testng.reporters.JUnitXMLReporter -->
<testsuite ignored="0" hostname="DESKTOP-CFBCV8Q" failures="0" tests="3" name="Open Cart Login Page Test_firefox" time="20.823" errors="0" timestamp="2025-04-24T19:39:47 IST">
  <testcase classname="com.qa.opencart.tests.LoginPageTest" name="loginPageNavigationTest" time="0.695"/>
  <testcase classname="com.qa.opencart.tests.LoginPageTest" name="forgotPwdLinkExistTest" time="0.018"/>
  <testcase classname="com.qa.opencart.tests.LoginPageTest" name="appLoginTest" time="0.454"/>
</testsuite> <!-- Open Cart Login Page Test_firefox -->
