<?xml version="1.0" encoding="UTF-8"?>
<!-- Generated by org.testng.reporters.JUnitXMLReporter -->
<testsuite ignored="0" hostname="DESKTOP-CFBCV8Q" failures="0" tests="5" name="Open Cart Home Page Test_Chrome" time="21.68" errors="0" timestamp="2025-04-24T19:39:47 IST">
  <testcase classname="com.qa.opencart.tests.HomePageTest" name="homePageTitleTest" time="0.04"/>
  <testcase classname="com.qa.opencart.tests.HomePageTest" name="homePageURLTest" time="0.001"/>
  <testcase classname="com.qa.opencart.tests.HomePageTest" name="searchTest" time="0.63"/>
  <testcase classname="com.qa.opencart.tests.HomePageTest" name="searchTest" time="0.496"/>
  <testcase classname="com.qa.opencart.tests.HomePageTest" name="searchTest" time="0.373"/>
</testsuite> <!-- Open Cart Home Page Test_Chrome -->
