<?xml version="1.0" encoding="UTF-8"?>
<!-- Generated by org.testng.reporters.JUnitXMLReporter -->
<testsuite ignored="0" hostname="DESKTOP-CFBCV8Q" failures="0" tests="5" name="Open Cart Home Page Test_chromium" time="6.135" errors="0" timestamp="2025-04-19T11:21:27 IST">
  <testcase classname="com.qa.opencart.tests.HomePageTest" name="homePageTitleTest" time="0.01"/>
  <testcase classname="com.qa.opencart.tests.HomePageTest" name="homePageURLTest" time="0.001"/>
  <testcase classname="com.qa.opencart.tests.HomePageTest" name="searchTest" time="0.481"/>
  <testcase classname="com.qa.opencart.tests.HomePageTest" name="searchTest" time="0.512"/>
  <testcase classname="com.qa.opencart.tests.HomePageTest" name="searchTest" time="2.273"/>
</testsuite> <!-- Open Cart Home Page Test_chromium -->
