<?xml version="1.0" encoding="UTF-8"?>
<!-- Generated by org.testng.reporters.JUnitXMLReporter -->
<testsuite ignored="0" hostname="DESKTOP-CFBCV8Q" failures="0" tests="5" name="Open Cart Home Page Test" time="9.474" errors="0" timestamp="2025-04-03T11:45:17 IST">
  <testcase classname="com.qa.opencart.tests.HomePageTest" name="homePageTitleTest" time="0.027"/>
  <testcase classname="com.qa.opencart.tests.HomePageTest" name="homePageURLTest" time="0.001"/>
  <testcase classname="com.qa.opencart.tests.HomePageTest" name="searchTest" time="0.599"/>
  <testcase classname="com.qa.opencart.tests.HomePageTest" name="searchTest" time="0.423"/>
  <testcase classname="com.qa.opencart.tests.HomePageTest" name="searchTest" time="0.29"/>
</testsuite> <!-- Open Cart Home Page Test -->
