<?xml version="1.0" encoding="UTF-8"?>
<!-- Generated by org.testng.reporters.JUnitXMLReporter -->
<testsuite ignored="0" hostname="DESKTOP-CFBCV8Q" failures="0" tests="5" name="Open Cart Home Page Test" time="10.197" errors="0" timestamp="2025-04-02T23:47:29 IST">
  <testcase classname="com.qa.opencart.tests.HomePageTest" name="homePageTitleTest" time="0.017"/>
  <testcase classname="com.qa.opencart.tests.HomePageTest" name="homePageURLTest" time="0.001"/>
  <testcase classname="com.qa.opencart.tests.HomePageTest" name="searchTest" time="0.522"/>
  <testcase classname="com.qa.opencart.tests.HomePageTest" name="searchTest" time="0.385"/>
  <testcase classname="com.qa.opencart.tests.HomePageTest" name="searchTest" time="0.291"/>
</testsuite> <!-- Open Cart Home Page Test -->
