<?xml version="1.0" encoding="UTF-8"?>
<testsuite xmlns:xsi="http://www.w3.org/2001/XMLSchema-instance" xsi:noNamespaceSchemaLocation="https://maven.apache.org/surefire/maven-surefire-plugin/xsd/surefire-test-report.xsd" version="3.0.1" name="TestSuite" time="22.184" tests="16" errors="0" skipped="0" failures="0">
  <properties>
[...]
</properties>
  <testcase name="homePageTitleTest" classname="com.qa.opencart.tests.HomePageTest" time="0.036">
    <system-out><![CDATA[...
... TestNG 7.11.0 by Cédric Beust (cedric@beust.com)
...

Test Suite started!
Test Suite started!
browser name is :chrome
browser name is :chrome
homePageTitleTest started!
page title: Your Store
Your Store
Your Store
homePageTitleTestpassed!
]]></system-out>
    <system-err><![CDATA[SLF4J(W): No SLF4J providers were found.
SLF4J(W): Defaulting to no-operation (NOP) logger implementation
SLF4J(W): See https://www.slf4j.org/codes.html#noProviders for further details.
]]></system-err>
  </testcase>
  <testcase name="homePageTitleTest" classname="com.qa.opencart.tests.HomePageTest" time="0.064">
    <system-out><![CDATA[Test Suite is ending!
Test Suite is ending!
Test Suite started!
Test Suite started!
browser name is :chrome
browser name is :chromium
loginPageNavigationTest started!
homePageTitleTest started!
page title: Your Store
Your Store
Your Store
homePageTitleTestpassed!
]]></system-out>
  </testcase>
  <testcase name="homePageURLTest" classname="com.qa.opencart.tests.HomePageTest" time="0.003">
    <system-out><![CDATA[homePageURLTest started!
page url : https://naveenautomationlabs.com/opencart/
homePageURLTestpassed!
]]></system-out>
  </testcase>
  <testcase name="homePageURLTest" classname="com.qa.opencart.tests.HomePageTest" time="0.005">
    <system-out><![CDATA[homePageURLTest started!
page url : https://naveenautomationlabs.com/opencart/
homePageURLTestpassed!
]]></system-out>
  </testcase>
  <testcase name="searchTest[Macbook](1)" classname="com.qa.opencart.tests.HomePageTest" time="0.504">
    <system-out><![CDATA[searchTest started!
loginPageNavigationTest started!
search header: Search - Macbook
searchTestpassed!
]]></system-out>
  </testcase>
  <testcase name="searchTest[Macbook](1)" classname="com.qa.opencart.tests.HomePageTest" time="0.007">
    <system-out><![CDATA[appLoginTest started!
App creds: 1234taraka@gmail.com:1234Tarak@
search header: Search - Macbook
searchTestpassed!
]]></system-out>
  </testcase>
  <testcase name="searchTest[iMac](2)" classname="com.qa.opencart.tests.HomePageTest" time="0.192">
    <system-out><![CDATA[appLoginTest started!
App creds: 1234taraka@gmail.com:1234Tarak@
search header: Search - iMac
searchTestpassed!
]]></system-out>
  </testcase>
  <testcase name="searchTest[iMac](2)" classname="com.qa.opencart.tests.HomePageTest" time="3.47">
    <system-out><![CDATA[searchTest started!
search header: Search - iMac
searchTestpassed!
]]></system-out>
  </testcase>
  <testcase name="searchTest[Samsung](3)" classname="com.qa.opencart.tests.HomePageTest" time="0.45">
    <system-out><![CDATA[search header: Search - Samsung
searchTestpassed!
]]></system-out>
  </testcase>
  <testcase name="searchTest[Samsung](3)" classname="com.qa.opencart.tests.HomePageTest" time="0.436">
    <system-out><![CDATA[search header: Search - Samsung
searchTestpassed!
]]></system-out>
  </testcase>
  <testcase name="loginPageNavigationTest" classname="com.qa.opencart.tests.LoginPageTest" time="0.282">
    <system-out><![CDATA[searchTest started!
page act title: Account Login
loginPageNavigationTestpassed!
]]></system-out>
  </testcase>
  <testcase name="loginPageNavigationTest" classname="com.qa.opencart.tests.LoginPageTest" time="2.361">
    <system-out><![CDATA[searchTest started!
page act title: Account Login
loginPageNavigationTestpassed!
]]></system-out>
  </testcase>
  <testcase name="forgotPwdLinkExistTest" classname="com.qa.opencart.tests.LoginPageTest" time="0.033">
    <system-out><![CDATA[forgotPwdLinkExistTest started!
forgotPwdLinkExistTestpassed!
]]></system-out>
  </testcase>
  <testcase name="forgotPwdLinkExistTest" classname="com.qa.opencart.tests.LoginPageTest" time="0.028">
    <system-out><![CDATA[forgotPwdLinkExistTest started!
forgotPwdLinkExistTestpassed!
]]></system-out>
  </testcase>
  <testcase name="appLoginTest" classname="com.qa.opencart.tests.LoginPageTest" time="0.27">
    <system-out><![CDATA[searchTest started!
user is logged in successfully....
appLoginTestpassed!
]]></system-out>
  </testcase>
  <testcase name="appLoginTest" classname="com.qa.opencart.tests.LoginPageTest" time="0.277">
    <system-out><![CDATA[searchTest started!
user is logged in successfully....
appLoginTestpassed!
]]></system-out>
  </testcase>
</testsuite>