<?xml version="1.0" encoding="UTF-8"?>
<testng-results ignored="0" total="16" passed="16" failed="0" skipped="0">
  <reporter-output>
  </reporter-output>
  <suite started-at="2025-04-20T05:22:01 IST" name="Open Cart Test Regression PW Suite" finished-at="2025-04-20T05:22:29 IST" duration-ms="27387">
    <groups>
    </groups>
    <test started-at="2025-04-20T05:22:01 IST" name="Open Cart Home Page Test_Chrome" finished-at="2025-04-20T05:22:21 IST" duration-ms="20098">
      <class name="com.qa.opencart.tests.HomePageTest">
        <test-method is-config="true" signature="setup(java.lang.String)[pri:0, instance:com.qa.opencart.tests.HomePageTest@304bb45b]" started-at="2025-04-20T05:22:01 IST" name="setup" finished-at="2025-04-20T05:22:19 IST" duration-ms="17378" status="PASS">
          <params>
            <param index="0">
              <value>
                <![CDATA[chrome]]>
              </value>
            </param>
          </params>
          <reporter-output>
          </reporter-output>
        </test-method> <!-- setup -->
        <test-method signature="homePageTitleTest()[pri:1, instance:com.qa.opencart.tests.HomePageTest@304bb45b]" started-at="2025-04-20T05:22:19 IST" name="homePageTitleTest" finished-at="2025-04-20T05:22:19 IST" duration-ms="24" status="PASS">
          <reporter-output>
          </reporter-output>
        </test-method> <!-- homePageTitleTest -->
        <test-method signature="homePageURLTest()[pri:2, instance:com.qa.opencart.tests.HomePageTest@304bb45b]" started-at="2025-04-20T05:22:19 IST" name="homePageURLTest" finished-at="2025-04-20T05:22:19 IST" duration-ms="4" status="PASS">
          <reporter-output>
          </reporter-output>
        </test-method> <!-- homePageURLTest -->
        <test-method signature="searchTest(java.lang.String)[pri:3, instance:com.qa.opencart.tests.HomePageTest@304bb45b]" started-at="2025-04-20T05:22:19 IST" name="searchTest" data-provider="getProductData" finished-at="2025-04-20T05:22:20 IST" duration-ms="999" status="PASS">
          <params>
            <param index="0">
              <value>
                <![CDATA[Macbook]]>
              </value>
            </param>
          </params>
          <reporter-output>
          </reporter-output>
        </test-method> <!-- searchTest -->
        <test-method signature="searchTest(java.lang.String)[pri:3, instance:com.qa.opencart.tests.HomePageTest@304bb45b]" started-at="2025-04-20T05:22:20 IST" name="searchTest" data-provider="getProductData" finished-at="2025-04-20T05:22:20 IST" duration-ms="745" status="PASS">
          <params>
            <param index="0">
              <value>
                <![CDATA[iMac]]>
              </value>
            </param>
          </params>
          <reporter-output>
          </reporter-output>
        </test-method> <!-- searchTest -->
        <test-method signature="searchTest(java.lang.String)[pri:3, instance:com.qa.opencart.tests.HomePageTest@304bb45b]" started-at="2025-04-20T05:22:20 IST" name="searchTest" data-provider="getProductData" finished-at="2025-04-20T05:22:21 IST" duration-ms="361" status="PASS">
          <params>
            <param index="0">
              <value>
                <![CDATA[Samsung]]>
              </value>
            </param>
          </params>
          <reporter-output>
          </reporter-output>
        </test-method> <!-- searchTest -->
        <test-method is-config="true" signature="tearDown()[pri:0, instance:com.qa.opencart.tests.HomePageTest@304bb45b]" started-at="2025-04-20T05:22:21 IST" name="tearDown" finished-at="2025-04-20T05:22:21 IST" duration-ms="530" status="PASS">
          <reporter-output>
          </reporter-output>
        </test-method> <!-- tearDown -->
      </class> <!-- com.qa.opencart.tests.HomePageTest -->
    </test> <!-- Open Cart Home Page Test_Chrome -->
    <test started-at="2025-04-20T05:22:01 IST" name="Open Cart Login Page Test_firefox" finished-at="2025-04-20T05:22:21 IST" duration-ms="19745">
      <class name="com.qa.opencart.tests.LoginPageTest">
        <test-method is-config="true" signature="setup(java.lang.String)[pri:0, instance:com.qa.opencart.tests.LoginPageTest@dc7df28]" started-at="2025-04-20T05:22:01 IST" name="setup" finished-at="2025-04-20T05:22:18 IST" duration-ms="17274" status="PASS">
          <params>
            <param index="0">
              <value>
                <![CDATA[chrome]]>
              </value>
            </param>
          </params>
          <reporter-output>
          </reporter-output>
        </test-method> <!-- setup -->
        <test-method signature="loginPageNavigationTest()[pri:1, instance:com.qa.opencart.tests.LoginPageTest@dc7df28]" started-at="2025-04-20T05:22:19 IST" name="loginPageNavigationTest" finished-at="2025-04-20T05:22:20 IST" duration-ms="1214" status="PASS">
          <reporter-output>
          </reporter-output>
        </test-method> <!-- loginPageNavigationTest -->
        <test-method signature="forgotPwdLinkExistTest()[pri:2, instance:com.qa.opencart.tests.LoginPageTest@dc7df28]" started-at="2025-04-20T05:22:20 IST" name="forgotPwdLinkExistTest" finished-at="2025-04-20T05:22:20 IST" duration-ms="37" status="PASS">
          <reporter-output>
          </reporter-output>
        </test-method> <!-- forgotPwdLinkExistTest -->
        <test-method signature="appLoginTest()[pri:3, instance:com.qa.opencart.tests.LoginPageTest@dc7df28]" started-at="2025-04-20T05:22:20 IST" name="appLoginTest" finished-at="2025-04-20T05:22:20 IST" duration-ms="578" status="PASS">
          <reporter-output>
          </reporter-output>
        </test-method> <!-- appLoginTest -->
        <test-method is-config="true" signature="tearDown()[pri:0, instance:com.qa.opencart.tests.LoginPageTest@dc7df28]" started-at="2025-04-20T05:22:20 IST" name="tearDown" finished-at="2025-04-20T05:22:21 IST" duration-ms="567" status="PASS">
          <reporter-output>
          </reporter-output>
        </test-method> <!-- tearDown -->
      </class> <!-- com.qa.opencart.tests.LoginPageTest -->
    </test> <!-- Open Cart Login Page Test_firefox -->
    <test started-at="2025-04-20T05:22:22 IST" name="Open Cart Login Page Test_edge" finished-at="2025-04-20T05:22:28 IST" duration-ms="5946">
      <class name="com.qa.opencart.tests.LoginPageTest">
        <test-method is-config="true" signature="setup(java.lang.String)[pri:0, instance:com.qa.opencart.tests.LoginPageTest@c05fddc]" started-at="2025-04-20T05:22:22 IST" name="setup" finished-at="2025-04-20T05:22:25 IST" duration-ms="3779" status="PASS">
          <params>
            <param index="0">
              <value>
                <![CDATA[chrome]]>
              </value>
            </param>
          </params>
          <reporter-output>
          </reporter-output>
        </test-method> <!-- setup -->
        <test-method signature="loginPageNavigationTest()[pri:1, instance:com.qa.opencart.tests.LoginPageTest@c05fddc]" started-at="2025-04-20T05:22:25 IST" name="loginPageNavigationTest" finished-at="2025-04-20T05:22:26 IST" duration-ms="1084" status="PASS">
          <reporter-output>
          </reporter-output>
        </test-method> <!-- loginPageNavigationTest -->
        <test-method signature="forgotPwdLinkExistTest()[pri:2, instance:com.qa.opencart.tests.LoginPageTest@c05fddc]" started-at="2025-04-20T05:22:26 IST" name="forgotPwdLinkExistTest" finished-at="2025-04-20T05:22:26 IST" duration-ms="29" status="PASS">
          <reporter-output>
          </reporter-output>
        </test-method> <!-- forgotPwdLinkExistTest -->
        <test-method signature="appLoginTest()[pri:3, instance:com.qa.opencart.tests.LoginPageTest@c05fddc]" started-at="2025-04-20T05:22:26 IST" name="appLoginTest" finished-at="2025-04-20T05:22:27 IST" duration-ms="493" status="PASS">
          <reporter-output>
          </reporter-output>
        </test-method> <!-- appLoginTest -->
        <test-method is-config="true" signature="tearDown()[pri:0, instance:com.qa.opencart.tests.LoginPageTest@c05fddc]" started-at="2025-04-20T05:22:27 IST" name="tearDown" finished-at="2025-04-20T05:22:28 IST" duration-ms="550" status="PASS">
          <reporter-output>
          </reporter-output>
        </test-method> <!-- tearDown -->
      </class> <!-- com.qa.opencart.tests.LoginPageTest -->
    </test> <!-- Open Cart Login Page Test_edge -->
    <test started-at="2025-04-20T05:22:22 IST" name="Open Cart Home Page Test_chromium" finished-at="2025-04-20T05:22:29 IST" duration-ms="6978">
      <class name="com.qa.opencart.tests.HomePageTest">
        <test-method is-config="true" signature="setup(java.lang.String)[pri:0, instance:com.qa.opencart.tests.HomePageTest@69c81773]" started-at="2025-04-20T05:22:22 IST" name="setup" finished-at="2025-04-20T05:22:26 IST" duration-ms="3988" status="PASS">
          <params>
            <param index="0">
              <value>
                <![CDATA[chromium]]>
              </value>
            </param>
          </params>
          <reporter-output>
          </reporter-output>
        </test-method> <!-- setup -->
        <test-method signature="homePageTitleTest()[pri:1, instance:com.qa.opencart.tests.HomePageTest@69c81773]" started-at="2025-04-20T05:22:26 IST" name="homePageTitleTest" finished-at="2025-04-20T05:22:26 IST" duration-ms="75" status="PASS">
          <reporter-output>
          </reporter-output>
        </test-method> <!-- homePageTitleTest -->
        <test-method signature="homePageURLTest()[pri:2, instance:com.qa.opencart.tests.HomePageTest@69c81773]" started-at="2025-04-20T05:22:26 IST" name="homePageURLTest" finished-at="2025-04-20T05:22:26 IST" duration-ms="2" status="PASS">
          <reporter-output>
          </reporter-output>
        </test-method> <!-- homePageURLTest -->
        <test-method signature="searchTest(java.lang.String)[pri:3, instance:com.qa.opencart.tests.HomePageTest@69c81773]" started-at="2025-04-20T05:22:26 IST" name="searchTest" data-provider="getProductData" finished-at="2025-04-20T05:22:27 IST" duration-ms="1112" status="PASS">
          <params>
            <param index="0">
              <value>
                <![CDATA[Macbook]]>
              </value>
            </param>
          </params>
          <reporter-output>
          </reporter-output>
        </test-method> <!-- searchTest -->
        <test-method signature="searchTest(java.lang.String)[pri:3, instance:com.qa.opencart.tests.HomePageTest@69c81773]" started-at="2025-04-20T05:22:27 IST" name="searchTest" data-provider="getProductData" finished-at="2025-04-20T05:22:28 IST" duration-ms="759" status="PASS">
          <params>
            <param index="0">
              <value>
                <![CDATA[iMac]]>
              </value>
            </param>
          </params>
          <reporter-output>
          </reporter-output>
        </test-method> <!-- searchTest -->
        <test-method signature="searchTest(java.lang.String)[pri:3, instance:com.qa.opencart.tests.HomePageTest@69c81773]" started-at="2025-04-20T05:22:28 IST" name="searchTest" data-provider="getProductData" finished-at="2025-04-20T05:22:28 IST" duration-ms="459" status="PASS">
          <params>
            <param index="0">
              <value>
                <![CDATA[Samsung]]>
              </value>
            </param>
          </params>
          <reporter-output>
          </reporter-output>
        </test-method> <!-- searchTest -->
        <test-method is-config="true" signature="tearDown()[pri:0, instance:com.qa.opencart.tests.HomePageTest@69c81773]" started-at="2025-04-20T05:22:28 IST" name="tearDown" finished-at="2025-04-20T05:22:29 IST" duration-ms="570" status="PASS">
          <reporter-output>
          </reporter-output>
        </test-method> <!-- tearDown -->
      </class> <!-- com.qa.opencart.tests.HomePageTest -->
    </test> <!-- Open Cart Home Page Test_chromium -->
  </suite> <!-- Open Cart Test Regression PW Suite -->
</testng-results>
