<?xml version="1.0" encoding="UTF-8"?>
<testng-results ignored="0" total="16" passed="16" failed="0" skipped="0">
  <reporter-output>
  </reporter-output>
  <suite started-at="2025-04-24T19:39:26 IST" name="Open Cart Test Regression PW Suite" finished-at="2025-04-24T19:39:51 IST" duration-ms="25389">
    <groups>
    </groups>
    <test started-at="2025-04-24T19:39:26 IST" name="Open Cart Login Page Test_firefox" finished-at="2025-04-24T19:39:46 IST" duration-ms="20823">
      <class name="com.qa.opencart.tests.LoginPageTest">
        <test-method is-config="true" signature="setup(java.lang.String)[pri:0, instance:com.qa.opencart.tests.LoginPageTest@69c81773]" started-at="2025-04-24T19:39:26 IST" name="setup" finished-at="2025-04-24T19:39:45 IST" duration-ms="19070" status="PASS">
          <params>
            <param index="0">
              <value>
                <![CDATA[chrome]]>
              </value>
            </param>
          </params>
          <reporter-output>
          </reporter-output>
        </test-method> <!-- setup -->
        <test-method signature="loginPageNavigationTest()[pri:1, instance:com.qa.opencart.tests.LoginPageTest@69c81773]" started-at="2025-04-24T19:39:45 IST" name="loginPageNavigationTest" finished-at="2025-04-24T19:39:45 IST" duration-ms="695" status="PASS">
          <reporter-output>
          </reporter-output>
        </test-method> <!-- loginPageNavigationTest -->
        <test-method signature="forgotPwdLinkExistTest()[pri:2, instance:com.qa.opencart.tests.LoginPageTest@69c81773]" started-at="2025-04-24T19:39:45 IST" name="forgotPwdLinkExistTest" finished-at="2025-04-24T19:39:45 IST" duration-ms="18" status="PASS">
          <reporter-output>
          </reporter-output>
        </test-method> <!-- forgotPwdLinkExistTest -->
        <test-method signature="appLoginTest()[pri:3, instance:com.qa.opencart.tests.LoginPageTest@69c81773]" started-at="2025-04-24T19:39:45 IST" name="appLoginTest" finished-at="2025-04-24T19:39:46 IST" duration-ms="454" status="PASS">
          <reporter-output>
          </reporter-output>
        </test-method> <!-- appLoginTest -->
        <test-method is-config="true" signature="tearDown()[pri:0, instance:com.qa.opencart.tests.LoginPageTest@69c81773]" started-at="2025-04-24T19:39:46 IST" name="tearDown" finished-at="2025-04-24T19:39:46 IST" duration-ms="487" status="PASS">
          <reporter-output>
          </reporter-output>
        </test-method> <!-- tearDown -->
      </class> <!-- com.qa.opencart.tests.LoginPageTest -->
    </test> <!-- Open Cart Login Page Test_firefox -->
    <test started-at="2025-04-24T19:39:26 IST" name="Open Cart Home Page Test_Chrome" finished-at="2025-04-24T19:39:47 IST" duration-ms="21680">
      <class name="com.qa.opencart.tests.HomePageTest">
        <test-method is-config="true" signature="setup(java.lang.String)[pri:0, instance:com.qa.opencart.tests.HomePageTest@25be7b63]" started-at="2025-04-24T19:39:26 IST" name="setup" finished-at="2025-04-24T19:39:45 IST" duration-ms="19346" status="PASS">
          <params>
            <param index="0">
              <value>
                <![CDATA[chrome]]>
              </value>
            </param>
          </params>
          <reporter-output>
          </reporter-output>
        </test-method> <!-- setup -->
        <test-method signature="homePageTitleTest()[pri:1, instance:com.qa.opencart.tests.HomePageTest@25be7b63]" started-at="2025-04-24T19:39:45 IST" name="homePageTitleTest" finished-at="2025-04-24T19:39:45 IST" duration-ms="40" status="PASS">
          <reporter-output>
          </reporter-output>
        </test-method> <!-- homePageTitleTest -->
        <test-method signature="homePageURLTest()[pri:2, instance:com.qa.opencart.tests.HomePageTest@25be7b63]" started-at="2025-04-24T19:39:45 IST" name="homePageURLTest" finished-at="2025-04-24T19:39:45 IST" duration-ms="1" status="PASS">
          <reporter-output>
          </reporter-output>
        </test-method> <!-- homePageURLTest -->
        <test-method signature="searchTest(java.lang.String)[pri:3, instance:com.qa.opencart.tests.HomePageTest@25be7b63]" started-at="2025-04-24T19:39:45 IST" name="searchTest" data-provider="getProductData" finished-at="2025-04-24T19:39:46 IST" duration-ms="630" status="PASS">
          <params>
            <param index="0">
              <value>
                <![CDATA[Macbook]]>
              </value>
            </param>
          </params>
          <reporter-output>
          </reporter-output>
        </test-method> <!-- searchTest -->
        <test-method signature="searchTest(java.lang.String)[pri:3, instance:com.qa.opencart.tests.HomePageTest@25be7b63]" started-at="2025-04-24T19:39:46 IST" name="searchTest" data-provider="getProductData" finished-at="2025-04-24T19:39:46 IST" duration-ms="496" status="PASS">
          <params>
            <param index="0">
              <value>
                <![CDATA[iMac]]>
              </value>
            </param>
          </params>
          <reporter-output>
          </reporter-output>
        </test-method> <!-- searchTest -->
        <test-method signature="searchTest(java.lang.String)[pri:3, instance:com.qa.opencart.tests.HomePageTest@25be7b63]" started-at="2025-04-24T19:39:46 IST" name="searchTest" data-provider="getProductData" finished-at="2025-04-24T19:39:46 IST" duration-ms="373" status="PASS">
          <params>
            <param index="0">
              <value>
                <![CDATA[Samsung]]>
              </value>
            </param>
          </params>
          <reporter-output>
          </reporter-output>
        </test-method> <!-- searchTest -->
        <test-method is-config="true" signature="tearDown()[pri:0, instance:com.qa.opencart.tests.HomePageTest@25be7b63]" started-at="2025-04-24T19:39:47 IST" name="tearDown" finished-at="2025-04-24T19:39:47 IST" duration-ms="352" status="PASS">
          <reporter-output>
          </reporter-output>
        </test-method> <!-- tearDown -->
      </class> <!-- com.qa.opencart.tests.HomePageTest -->
    </test> <!-- Open Cart Home Page Test_Chrome -->
    <test started-at="2025-04-24T19:39:47 IST" name="Open Cart Login Page Test_edge" finished-at="2025-04-24T19:39:51 IST" duration-ms="3668">
      <class name="com.qa.opencart.tests.LoginPageTest">
        <test-method is-config="true" signature="setup(java.lang.String)[pri:0, instance:com.qa.opencart.tests.LoginPageTest@4d15107f]" started-at="2025-04-24T19:39:47 IST" name="setup" finished-at="2025-04-24T19:39:49 IST" duration-ms="2126" status="PASS">
          <params>
            <param index="0">
              <value>
                <![CDATA[chrome]]>
              </value>
            </param>
          </params>
          <reporter-output>
          </reporter-output>
        </test-method> <!-- setup -->
        <test-method signature="loginPageNavigationTest()[pri:1, instance:com.qa.opencart.tests.LoginPageTest@4d15107f]" started-at="2025-04-24T19:39:49 IST" name="loginPageNavigationTest" finished-at="2025-04-24T19:39:50 IST" duration-ms="643" status="PASS">
          <reporter-output>
          </reporter-output>
        </test-method> <!-- loginPageNavigationTest -->
        <test-method signature="forgotPwdLinkExistTest()[pri:2, instance:com.qa.opencart.tests.LoginPageTest@4d15107f]" started-at="2025-04-24T19:39:50 IST" name="forgotPwdLinkExistTest" finished-at="2025-04-24T19:39:50 IST" duration-ms="19" status="PASS">
          <reporter-output>
          </reporter-output>
        </test-method> <!-- forgotPwdLinkExistTest -->
        <test-method signature="appLoginTest()[pri:3, instance:com.qa.opencart.tests.LoginPageTest@4d15107f]" started-at="2025-04-24T19:39:50 IST" name="appLoginTest" finished-at="2025-04-24T19:39:50 IST" duration-ms="382" status="PASS">
          <reporter-output>
          </reporter-output>
        </test-method> <!-- appLoginTest -->
        <test-method is-config="true" signature="tearDown()[pri:0, instance:com.qa.opencart.tests.LoginPageTest@4d15107f]" started-at="2025-04-24T19:39:50 IST" name="tearDown" finished-at="2025-04-24T19:39:51 IST" duration-ms="492" status="PASS">
          <reporter-output>
          </reporter-output>
        </test-method> <!-- tearDown -->
      </class> <!-- com.qa.opencart.tests.LoginPageTest -->
    </test> <!-- Open Cart Login Page Test_edge -->
    <test started-at="2025-04-24T19:39:47 IST" name="Open Cart Home Page Test_chromium" finished-at="2025-04-24T19:39:51 IST" duration-ms="3951">
      <class name="com.qa.opencart.tests.HomePageTest">
        <test-method is-config="true" signature="setup(java.lang.String)[pri:0, instance:com.qa.opencart.tests.HomePageTest@7e990ed7]" started-at="2025-04-24T19:39:47 IST" name="setup" finished-at="2025-04-24T19:39:49 IST" duration-ms="2105" status="PASS">
          <params>
            <param index="0">
              <value>
                <![CDATA[chromium]]>
              </value>
            </param>
          </params>
          <reporter-output>
          </reporter-output>
        </test-method> <!-- setup -->
        <test-method signature="homePageTitleTest()[pri:1, instance:com.qa.opencart.tests.HomePageTest@7e990ed7]" started-at="2025-04-24T19:39:49 IST" name="homePageTitleTest" finished-at="2025-04-24T19:39:49 IST" duration-ms="42" status="PASS">
          <reporter-output>
          </reporter-output>
        </test-method> <!-- homePageTitleTest -->
        <test-method signature="homePageURLTest()[pri:2, instance:com.qa.opencart.tests.HomePageTest@7e990ed7]" started-at="2025-04-24T19:39:49 IST" name="homePageURLTest" finished-at="2025-04-24T19:39:49 IST" duration-ms="1" status="PASS">
          <reporter-output>
          </reporter-output>
        </test-method> <!-- homePageURLTest -->
        <test-method signature="searchTest(java.lang.String)[pri:3, instance:com.qa.opencart.tests.HomePageTest@7e990ed7]" started-at="2025-04-24T19:39:49 IST" name="searchTest" data-provider="getProductData" finished-at="2025-04-24T19:39:50 IST" duration-ms="614" status="PASS">
          <params>
            <param index="0">
              <value>
                <![CDATA[Macbook]]>
              </value>
            </param>
          </params>
          <reporter-output>
          </reporter-output>
        </test-method> <!-- searchTest -->
        <test-method signature="searchTest(java.lang.String)[pri:3, instance:com.qa.opencart.tests.HomePageTest@7e990ed7]" started-at="2025-04-24T19:39:50 IST" name="searchTest" data-provider="getProductData" finished-at="2025-04-24T19:39:50 IST" duration-ms="478" status="PASS">
          <params>
            <param index="0">
              <value>
                <![CDATA[iMac]]>
              </value>
            </param>
          </params>
          <reporter-output>
          </reporter-output>
        </test-method> <!-- searchTest -->
        <test-method signature="searchTest(java.lang.String)[pri:3, instance:com.qa.opencart.tests.HomePageTest@7e990ed7]" started-at="2025-04-24T19:39:50 IST" name="searchTest" data-provider="getProductData" finished-at="2025-04-24T19:39:51 IST" duration-ms="390" status="PASS">
          <params>
            <param index="0">
              <value>
                <![CDATA[Samsung]]>
              </value>
            </param>
          </params>
          <reporter-output>
          </reporter-output>
        </test-method> <!-- searchTest -->
        <test-method is-config="true" signature="tearDown()[pri:0, instance:com.qa.opencart.tests.HomePageTest@7e990ed7]" started-at="2025-04-24T19:39:51 IST" name="tearDown" finished-at="2025-04-24T19:39:51 IST" duration-ms="305" status="PASS">
          <reporter-output>
          </reporter-output>
        </test-method> <!-- tearDown -->
      </class> <!-- com.qa.opencart.tests.HomePageTest -->
    </test> <!-- Open Cart Home Page Test_chromium -->
  </suite> <!-- Open Cart Test Regression PW Suite -->
</testng-results>
